<?xml version="1.0" encoding="UTF-8"?>
<testng-results skipped="0" failed="0" ignored="0" total="1" passed="1">
  <reporter-output>
  </reporter-output>
  <suite name="demo suite" duration-ms="23153" started-at="2019-05-21T15:26:28Z" finished-at="2019-05-21T15:26:51Z">
    <groups>
    </groups>
    <test name="demo suite" duration-ms="23153" started-at="2019-05-21T15:26:28Z" finished-at="2019-05-21T15:26:51Z">
      <class name="demo.TC003_CreateTrip_TravelWithUs_dot_asia">
        <test-method status="PASS" signature="testCreateTripTravelWithUs()[pri:0, instance:demo.TC003_CreateTrip_TravelWithUs_dot_asia@5609159b]" name="testCreateTripTravelWithUs" duration-ms="23138" started-at="2019-05-21T15:26:28Z" finished-at="2019-05-21T15:26:51Z">
          <reporter-output>
          </reporter-output>
        </test-method> <!-- testCreateTripTravelWithUs -->
      </class> <!-- demo.TC003_CreateTrip_TravelWithUs_dot_asia -->
    </test> <!-- demo suite -->
  </suite> <!-- demo suite -->
</testng-results>
